[Mon May 26 17:50:49 2025] INFO: Файл логов очищен
[Mon May 26 17:51:39 2025] INFO: Установлены путь /home/bedroom/OSandSP и группа bedroom
[Mon May 26 17:52:10 2025] INFO: Файл конфигурации monitor_config.txt очищен при выходе
[Mon May 26 17:52:10 2025] INFO: Выход из программы
[Mon May 26 17:59:04 2025] INFO: Программа запущена
[Mon May 26 17:59:08 2025] INFO: Файл конфигурации monitor_config.txt очищен при выходе
[Mon May 26 17:59:08 2025] INFO: Выход из программы
[Mon May 26 18:07:35 2025] INFO: Программа запущена
[Mon May 26 18:07:59 2025] INFO: Установлены путь /home/bedroom/OSandSP и группа bedroom
[Mon May 26 18:08:04 2025] INFO: Найдено 630 файлов для мониторинга
[Mon May 26 18:08:04 2025] INFO: Мониторинг запущен в фоновом режиме с PID 16222
[Mon May 26 18:08:04 2025] INFO: Мониторинг запущен для 630 файлов
[Mon May 26 18:08:20 2025] WARNING: Мониторинг всё ещё активен, файл конфигурации monitor_config.txt не очищен
[Mon May 26 18:08:20 2025] INFO: Выход из программы
[Mon May 26 18:08:49 2025] INFO: Обнаружено изменение файла: /home/bedroom/OSandSP/test.txt
[Mon May 26 18:08:49 2025] WARNING: Целостность файла нарушена! Новый хэш: ecce3ae4932b82769affecc703256b20904f82fd756e129fd662c16137838781, исходный хэш: 6dc39cfa1e7df586e558f31202b9fdb6b6cf8b6c29279d961b6c66c572e27409
[Mon May 26 18:09:00 2025] INFO: Программа запущена
[Mon May 26 18:09:00 2025] INFO: Загружена конфигурация: путь /home/bedroom/OSandSP, группа bedroom
[Mon May 26 18:09:00 2025] INFO: Обнаружен запущенный мониторинг с PID 16222
[Mon May 26 18:09:28 2025] INFO: Отправлен сигнал остановки процессу с PID 16222
[Mon May 26 18:09:28 2025] INFO: Мониторинг остановлен
[Mon May 26 18:09:28 2025] INFO: Мониторинг завершён
[Mon May 26 18:09:32 2025] INFO: Файл конфигурации monitor_config.txt очищен при выходе
[Mon May 26 18:09:32 2025] INFO: Выход из программы
